<?xml version="1.0" encoding="UTF-8"?>
<!-- Generated by org.testng.reporters.JUnitXMLReporter -->
<testsuite ignored="0" hostname="Shaheens-iMac.local" failures="0" tests="4" name="Default test" time="182.725" errors="0" timestamp="2023-05-05T23:54:01 EDT">
  <testcase classname="Qa.testCases.HomepageTest" name="LogoDisplayOfsites" time="0.208"/>
  <testcase classname="Qa.testCases.HomepageTest" name="VerifyPriceTag" time="0.721"/>
  <testcase classname="Qa.testCases.HomepageTest" name="PrecautionText" time="0.056"/>
  <testcase classname="Qa.testCases.HomepageTest" name="ClickOperate" time="0.001"/>
</testsuite> <!-- Default test -->
